14:07:34.191 [main] INFO  - Goto my account-->Click on Login.. 
14:07:34.883 [main] INFO  - Entering email and password.. 
14:07:35.559 [main] INFO  - clicked on login button...
15:21:51.876 [main] INFO  - Goto my account-->Click on Login.. 
15:21:53.135 [main] INFO  - Entering email and password.. 
15:21:54.620 [main] INFO  - clicked on login button...
15:32:55.009 [main] INFO  - Goto my account-->Click on Login.. 
15:32:55.760 [main] INFO  - Entering email and password.. 
15:32:56.517 [main] INFO  - clicked on login button...
15:44:58.490 [main] INFO  - Goto my account-->Click on Login.. 
15:44:59.375 [main] INFO  - Entering email and password.. 
15:45:00.720 [main] INFO  - clicked on login button...
11:24:02.941 [pool-3-thread-1] INFO  - Goto my account-->Click on Login.. 
11:24:03.761 [pool-3-thread-1] INFO  - Entering email and password.. 
11:24:06.101 [pool-3-thread-1] INFO  - clicked on login button...
11:25:07.956 [main] INFO  - Goto my account-->Click on Login.. 
11:25:08.604 [main] INFO  - Entering email and password.. 
11:25:09.732 [main] INFO  - clicked on login button...
11:27:34.728 [main] INFO  - Goto my account-->Click on Login.. 
11:27:35.361 [main] INFO  - Entering email and password.. 
11:27:36.283 [main] INFO  - clicked on login button...
11:28:39.062 [pool-3-thread-1] INFO  - Goto my account-->Click on Login.. 
11:28:39.709 [pool-3-thread-1] INFO  - Entering email and password.. 
11:28:41.527 [pool-3-thread-1] INFO  - clicked on login button...
11:30:58.762 [main] INFO  - Goto my account-->Click on Login.. 
11:30:59.506 [main] INFO  - Entering email and password.. 
11:31:00.817 [main] INFO  - clicked on login button...
11:32:42.541 [main] INFO  - Goto my account-->Click on Login.. 
11:32:46.118 [main] INFO  - Entering email and password.. 
11:32:47.244 [main] INFO  - clicked on login button...
11:34:08.134 [main] INFO  - Goto my account-->Click on Login.. 
11:34:08.801 [main] INFO  - Entering email and password.. 
11:34:10.471 [main] INFO  - clicked on login button...
11:45:34.561 [main] INFO  - Goto my account-->Click on Login.. 
11:45:35.241 [main] INFO  - Entering email and password.. 
11:45:36.544 [main] INFO  - clicked on login button...
11:48:32.063 [main] INFO  - Goto my account-->Click on Login.. 
11:48:32.749 [main] INFO  - Entering email and password.. 
11:48:34.206 [main] INFO  - clicked on login button...
12:19:09.362 [main] INFO  - Goto my account-->Click on Login.. 
12:19:10.371 [main] INFO  - Entering email and password.. 
12:19:11.738 [main] INFO  - clicked on login button...
12:24:14.670 [main] INFO  - Goto my account-->Click on Login.. 
12:24:15.551 [main] INFO  - Entering email and password.. 
12:24:16.857 [main] INFO  - clicked on login button...
12:25:59.705 [main] INFO  - Goto my account-->Click on Login.. 
12:26:00.443 [main] INFO  - Entering email and password.. 
12:26:01.724 [main] INFO  - clicked on login button...
12:40:21.946 [main] INFO  - Goto my account-->Click on Login.. 
12:40:22.616 [main] INFO  - Entering email and password.. 
12:40:24.212 [main] INFO  - clicked on login button...
12:48:13.135 [main] INFO  - Goto my account-->Click on Login.. 
12:48:14.187 [main] INFO  - Entering email and password.. 
12:48:15.338 [main] INFO  - clicked on login button...
07:20:02.541 [main] INFO  - Goto my account-->Click on Login.. 
07:20:03.687 [main] INFO  - Entering email and password.. 
07:20:04.885 [main] INFO  - clicked on login button...
07:26:07.255 [main] INFO  - Goto my account-->Click on Login.. 
07:26:08.073 [main] INFO  - Entering email and password.. 
07:26:08.937 [main] INFO  - clicked on login button...
07:27:45.855 [main] INFO  - Goto my account-->Click on Login.. 
07:27:46.685 [main] INFO  - Entering email and password.. 
07:27:47.506 [main] INFO  - clicked on login button...
07:42:18.774 [main] INFO  - Goto my account-->Click on Login.. 
07:42:19.621 [main] INFO  - Entering email and password.. 
07:42:20.495 [main] INFO  - clicked on login button...
07:44:30.850 [main] INFO  - Goto my account-->Click on Login.. 
07:44:31.695 [main] INFO  - Entering email and password.. 
07:44:32.578 [main] INFO  - clicked on login button...
07:46:04.249 [main] INFO  - Goto my account-->Click on Login.. 
07:46:05.043 [main] INFO  - Entering email and password.. 
07:46:05.916 [main] INFO  - clicked on login button...
07:52:55.919 [main] INFO  - Goto my account-->Click on Login.. 
07:52:56.718 [main] INFO  - Entering email and password.. 
07:52:57.593 [main] INFO  - clicked on login button...
14:19:49.544 [main] INFO  - Goto my account-->Click on Login.. 
14:19:50.102 [main] INFO  - Entering email and password.. 
14:19:50.353 [main] INFO  - clicked on login button...
14:20:03.877 [main] INFO  - Goto my account-->Click on Login.. 
14:20:04.883 [main] INFO  - Entering email and password.. 
14:20:05.124 [main] INFO  - clicked on login button...
14:20:10.681 [main] INFO  - Goto my account-->Click on Login.. 
14:20:11.224 [main] INFO  - Entering email and password.. 
14:20:11.444 [main] INFO  - clicked on login button...
14:25:08.379 [main] INFO  - Goto my account-->Click on Login.. 
14:25:09.052 [main] INFO  - Entering email and password.. 
14:25:09.376 [main] INFO  - clicked on login button...
14:25:21.865 [main] INFO  - Goto my account-->Click on Login.. 
14:25:22.668 [main] INFO  - Entering email and password.. 
14:25:23.561 [main] INFO  - clicked on login button...
14:25:25.420 [main] INFO  - Goto my account-->Click on Login.. 
14:25:25.968 [main] INFO  - Entering email and password.. 
14:25:26.189 [main] INFO  - clicked on login button...
14:33:49.811 [main] INFO  - Goto my account-->Click on Login.. 
14:33:50.226 [main] INFO  - Entering email and password.. 
14:33:50.519 [main] INFO  - clicked on login button...
14:33:53.405 [main] INFO  - Goto my account-->Click on Login.. 
14:33:53.986 [main] INFO  - Entering email and password.. 
14:33:54.270 [main] INFO  - clicked on login button...
14:33:56.992 [main] INFO  - Goto my account-->Click on Login.. 
14:33:57.654 [main] INFO  - Entering email and password.. 
14:33:58.687 [main] INFO  - clicked on login button...
15:08:52.331 [main] INFO  - Goto my account-->Click on Login.. 
15:08:52.750 [main] INFO  - Entering email and password.. 
15:08:53.038 [main] INFO  - clicked on login button...
15:08:55.885 [main] INFO  - Goto my account-->Click on Login.. 
15:08:56.828 [main] INFO  - Entering email and password.. 
15:08:57.101 [main] INFO  - clicked on login button...
15:09:00.144 [main] INFO  - Goto my account-->Click on Login.. 
15:09:00.965 [main] INFO  - Entering email and password.. 
15:09:01.277 [main] INFO  - clicked on login button...
15:09:06.784 [main] INFO  - Goto my account-->Click on Login.. 
15:09:07.617 [main] DEBUG - Parsing relationship: /xl/_rels/workbook.xml.rels
15:09:07.619 [main] DEBUG - Parsing relationship: /xl/worksheets/_rels/sheet1.xml.rels
15:09:07.620 [main] DEBUG - Parsing relationship: /_rels/.rels
15:09:07.766 [main] TRACE - Loading type system org.apache.poi.schemas.ooxml.system.ooxml
15:09:07.768 [main] TRACE - Loading type system org.apache.xmlbeans.metadata.system.sXMLCONFIG
15:09:07.768 [main] TRACE - Loading type system org.apache.xmlbeans.metadata.system.sXMLLANG
15:09:07.769 [main] TRACE - Loading type system org.apache.xmlbeans.metadata.system.sXMLSCHEMA
15:09:07.769 [main] TRACE - Loading type system org.apache.xmlbeans.metadata.system.sXMLTOOLS
15:09:07.770 [main] TRACE - Reading unresolved handles for type system org.apache.xmlbeans.metadata.system.sXMLTOOLS
15:09:07.778 [main] TRACE - Finished loading type system org.apache.xmlbeans.metadata.system.sXMLTOOLS
15:09:07.779 [main] TRACE - Reading unresolved handles for type system org.apache.xmlbeans.metadata.system.sXMLSCHEMA
15:09:07.783 [main] TRACE - Finished loading type system org.apache.xmlbeans.metadata.system.sXMLSCHEMA
15:09:07.783 [main] TRACE - Reading unresolved handles for type system org.apache.xmlbeans.metadata.system.sXMLLANG
15:09:07.784 [main] TRACE - Finished loading type system org.apache.xmlbeans.metadata.system.sXMLLANG
15:09:07.785 [main] TRACE - Reading unresolved handles for type system org.apache.xmlbeans.metadata.system.sXMLCONFIG
15:09:07.785 [main] TRACE - Finished loading type system org.apache.xmlbeans.metadata.system.sXMLCONFIG
15:09:07.786 [main] TRACE - Reading unresolved handles for type system org.apache.poi.schemas.ooxml.system.ooxml
15:09:07.834 [main] TRACE - Finished loading type system org.apache.poi.schemas.ooxml.system.ooxml
15:09:07.834 [main] TRACE - Resolving type for handle themefd26doctype
15:09:07.893 [main] TRACE - Resolving type for handle stylesheet5d8bdoctype
15:09:07.899 [main] TRACE - Resolving type for handle ctstylesheet4257type
15:09:07.903 [main] TRACE - Resolving type for handle ctfonts6623type
15:09:07.906 [main] TRACE - Resolving type for handle ctfont14d8type
15:09:07.911 [main] TRACE - Resolving type for handle ctfills2c6ftype
15:09:07.913 [main] TRACE - Resolving type for handle ctfill550ctype
15:09:07.915 [main] TRACE - Resolving type for handle ctborders0d66type
15:09:07.918 [main] TRACE - Resolving type for handle ctborderf935type
15:09:07.921 [main] TRACE - Resolving type for handle ctcellxfs1322type
15:09:07.924 [main] TRACE - Resolving type for handle ctxf97f7type
15:09:07.927 [main] TRACE - Resolving type for handle ctcellstylexfsa81ftype
15:09:07.930 [main] TRACE - Resolving type for handle ctdxfsb26atype
15:09:07.933 [main] TRACE - Resolving type for handle cttablestyles872ftype
15:09:07.937 [main] TRACE - Resolving type for handle sstf81fdoctype
15:09:07.941 [main] TRACE - Resolving type for handle ctsst44f3type
15:09:07.950 [main] TRACE - Resolving type for handle ctrsta472type
15:09:07.971 [main] DEBUG - using default POIXMLDocumentPart for http://schemas.openxmlformats.org/officeDocument/2006/relationships/printerSettings
15:09:07.972 [main] TRACE - Resolving type for handle workbookec17doctype
15:09:07.977 [main] TRACE - Resolving type for handle ctworkbook83c3type
15:09:07.982 [main] TRACE - Resolving type for handle ctsheets49fdtype
15:09:07.986 [main] TRACE - Resolving type for handle ctsheet4dbetype
15:09:07.989 [main] TRACE - Resolving type for handle strelationshipid1e94type
15:09:07.991 [main] TRACE - Resolving type for handle worksheetf539doctype
15:09:07.996 [main] TRACE - Resolving type for handle ctworksheet530dtype
15:09:08.007 [main] TRACE - Resolving type for handle ctcols627ctype
15:09:08.012 [main] TRACE - Resolving type for handle ctcola95ftype
15:09:08.024 [main] TRACE - Resolving type for handle ctsheetdata8408type
15:09:08.027 [main] TRACE - Resolving type for handle ctrowdd39type
15:09:08.032 [main] TRACE - Resolving type for handle ctcell842btype
15:09:08.039 [main] TRACE - Resolving type for handle stcellrefe4e0type
15:09:08.044 [main] TRACE - Resolving type for handle cthyperlinks6416type
15:09:08.046 [main] TRACE - Resolving type for handle cthyperlink0c85type
15:09:08.051 [main] TRACE - Resolving type for handle stxstringf179type
15:09:08.053 [main] TRACE - Resolving type for handle stcelltypebf95type
15:09:20.469 [main] INFO  - Goto my account-->Click on Login.. 
15:09:21.171 [main] DEBUG - Parsing relationship: /xl/_rels/workbook.xml.rels
15:09:21.173 [main] DEBUG - Parsing relationship: /xl/worksheets/_rels/sheet1.xml.rels
15:09:21.174 [main] DEBUG - Parsing relationship: /_rels/.rels
15:09:21.190 [main] DEBUG - using default POIXMLDocumentPart for http://schemas.openxmlformats.org/officeDocument/2006/relationships/printerSettings
15:09:24.888 [main] INFO  - Goto my account-->Click on Login.. 
15:09:25.578 [main] DEBUG - Parsing relationship: /xl/_rels/workbook.xml.rels
15:09:25.580 [main] DEBUG - Parsing relationship: /xl/worksheets/_rels/sheet1.xml.rels
15:09:25.581 [main] DEBUG - Parsing relationship: /_rels/.rels
15:09:25.598 [main] DEBUG - using default POIXMLDocumentPart for http://schemas.openxmlformats.org/officeDocument/2006/relationships/printerSettings
15:14:38.052 [main] INFO  - Goto my account-->Click on Login.. 
15:14:38.478 [main] INFO  - Entering email and password.. 
15:14:38.772 [main] INFO  - clicked on login button...
15:14:41.736 [main] INFO  - Goto my account-->Click on Login.. 
15:14:42.564 [main] INFO  - Entering email and password.. 
15:14:43.598 [main] INFO  - clicked on login button...
15:14:45.623 [main] INFO  - Goto my account-->Click on Login.. 
15:14:46.610 [main] INFO  - Entering email and password.. 
15:14:46.845 [main] INFO  - clicked on login button...
15:14:49.434 [main] INFO  - Goto my account-->Click on Login.. 
15:14:50.150 [main] DEBUG - Parsing relationship: /xl/_rels/workbook.xml.rels
15:14:50.153 [main] DEBUG - Parsing relationship: /xl/worksheets/_rels/sheet1.xml.rels
15:14:50.154 [main] DEBUG - Parsing relationship: /_rels/.rels
15:14:50.299 [main] TRACE - Loading type system org.apache.poi.schemas.ooxml.system.ooxml
15:14:50.302 [main] TRACE - Loading type system org.apache.xmlbeans.metadata.system.sXMLCONFIG
15:14:50.302 [main] TRACE - Loading type system org.apache.xmlbeans.metadata.system.sXMLLANG
15:14:50.303 [main] TRACE - Loading type system org.apache.xmlbeans.metadata.system.sXMLSCHEMA
15:14:50.303 [main] TRACE - Loading type system org.apache.xmlbeans.metadata.system.sXMLTOOLS
15:14:50.304 [main] TRACE - Reading unresolved handles for type system org.apache.xmlbeans.metadata.system.sXMLTOOLS
15:14:50.316 [main] TRACE - Finished loading type system org.apache.xmlbeans.metadata.system.sXMLTOOLS
15:14:50.317 [main] TRACE - Reading unresolved handles for type system org.apache.xmlbeans.metadata.system.sXMLSCHEMA
15:14:50.321 [main] TRACE - Finished loading type system org.apache.xmlbeans.metadata.system.sXMLSCHEMA
15:14:50.323 [main] TRACE - Reading unresolved handles for type system org.apache.xmlbeans.metadata.system.sXMLLANG
15:14:50.324 [main] TRACE - Finished loading type system org.apache.xmlbeans.metadata.system.sXMLLANG
15:14:50.325 [main] TRACE - Reading unresolved handles for type system org.apache.xmlbeans.metadata.system.sXMLCONFIG
15:14:50.326 [main] TRACE - Finished loading type system org.apache.xmlbeans.metadata.system.sXMLCONFIG
15:14:50.327 [main] TRACE - Reading unresolved handles for type system org.apache.poi.schemas.ooxml.system.ooxml
15:14:50.387 [main] TRACE - Finished loading type system org.apache.poi.schemas.ooxml.system.ooxml
15:14:50.388 [main] TRACE - Resolving type for handle themefd26doctype
15:14:50.438 [main] TRACE - Resolving type for handle stylesheet5d8bdoctype
15:14:50.442 [main] TRACE - Resolving type for handle ctstylesheet4257type
15:14:50.445 [main] TRACE - Resolving type for handle ctfonts6623type
15:14:50.447 [main] TRACE - Resolving type for handle ctfont14d8type
15:14:50.451 [main] TRACE - Resolving type for handle ctfills2c6ftype
15:14:50.452 [main] TRACE - Resolving type for handle ctfill550ctype
15:14:50.453 [main] TRACE - Resolving type for handle ctborders0d66type
15:14:50.455 [main] TRACE - Resolving type for handle ctborderf935type
15:14:50.458 [main] TRACE - Resolving type for handle ctcellxfs1322type
15:14:50.460 [main] TRACE - Resolving type for handle ctxf97f7type
15:14:50.462 [main] TRACE - Resolving type for handle ctcellstylexfsa81ftype
15:14:50.463 [main] TRACE - Resolving type for handle ctdxfsb26atype
15:14:50.465 [main] TRACE - Resolving type for handle cttablestyles872ftype
15:14:50.468 [main] TRACE - Resolving type for handle sstf81fdoctype
15:14:50.471 [main] TRACE - Resolving type for handle ctsst44f3type
15:14:50.481 [main] TRACE - Resolving type for handle ctrsta472type
15:14:50.494 [main] DEBUG - using default POIXMLDocumentPart for http://schemas.openxmlformats.org/officeDocument/2006/relationships/printerSettings
15:14:50.494 [main] TRACE - Resolving type for handle workbookec17doctype
15:14:50.498 [main] TRACE - Resolving type for handle ctworkbook83c3type
15:14:50.503 [main] TRACE - Resolving type for handle ctsheets49fdtype
15:14:50.504 [main] TRACE - Resolving type for handle ctsheet4dbetype
15:14:50.505 [main] TRACE - Resolving type for handle strelationshipid1e94type
15:14:50.507 [main] TRACE - Resolving type for handle worksheetf539doctype
15:14:50.512 [main] TRACE - Resolving type for handle ctworksheet530dtype
15:14:50.519 [main] TRACE - Resolving type for handle ctcols627ctype
15:14:50.523 [main] TRACE - Resolving type for handle ctcola95ftype
15:14:50.534 [main] TRACE - Resolving type for handle ctsheetdata8408type
15:14:50.537 [main] TRACE - Resolving type for handle ctrowdd39type
15:14:50.540 [main] TRACE - Resolving type for handle ctcell842btype
15:14:50.546 [main] TRACE - Resolving type for handle stcellrefe4e0type
15:14:50.551 [main] TRACE - Resolving type for handle cthyperlinks6416type
15:14:50.553 [main] TRACE - Resolving type for handle cthyperlink0c85type
15:14:50.559 [main] TRACE - Resolving type for handle stxstringf179type
15:14:50.562 [main] TRACE - Resolving type for handle stcelltypebf95type
15:14:53.897 [main] INFO  - Goto my account-->Click on Login.. 
15:14:54.509 [main] DEBUG - Parsing relationship: /xl/_rels/workbook.xml.rels
15:14:54.511 [main] DEBUG - Parsing relationship: /xl/worksheets/_rels/sheet1.xml.rels
15:14:54.513 [main] DEBUG - Parsing relationship: /_rels/.rels
15:14:54.526 [main] DEBUG - using default POIXMLDocumentPart for http://schemas.openxmlformats.org/officeDocument/2006/relationships/printerSettings
15:14:57.819 [main] INFO  - Goto my account-->Click on Login.. 
15:14:58.468 [main] DEBUG - Parsing relationship: /xl/_rels/workbook.xml.rels
15:14:58.469 [main] DEBUG - Parsing relationship: /xl/worksheets/_rels/sheet1.xml.rels
15:14:58.472 [main] DEBUG - Parsing relationship: /_rels/.rels
15:14:58.488 [main] DEBUG - using default POIXMLDocumentPart for http://schemas.openxmlformats.org/officeDocument/2006/relationships/printerSettings
15:16:11.064 [main] INFO  - Goto my account-->Click on Login.. 
15:16:11.453 [main] INFO  - Entering email and password.. 
15:16:11.742 [main] INFO  - clicked on login button...
15:16:14.760 [main] INFO  - Goto my account-->Click on Login.. 
15:16:15.364 [main] INFO  - Entering email and password.. 
15:16:16.440 [main] INFO  - clicked on login button...
15:16:18.653 [main] INFO  - Goto my account-->Click on Login.. 
15:16:19.227 [main] INFO  - Entering email and password.. 
15:16:19.460 [main] INFO  - clicked on login button...
15:16:22.051 [main] INFO  - Goto my account-->Click on Login.. 
15:16:22.485 [main] DEBUG - Parsing relationship: /xl/_rels/workbook.xml.rels
15:16:22.488 [main] DEBUG - Parsing relationship: /xl/worksheets/_rels/sheet1.xml.rels
15:16:22.489 [main] DEBUG - Parsing relationship: /_rels/.rels
15:16:22.610 [main] TRACE - Loading type system org.apache.poi.schemas.ooxml.system.ooxml
15:16:22.613 [main] TRACE - Loading type system org.apache.xmlbeans.metadata.system.sXMLCONFIG
15:16:22.614 [main] TRACE - Loading type system org.apache.xmlbeans.metadata.system.sXMLLANG
15:16:22.614 [main] TRACE - Loading type system org.apache.xmlbeans.metadata.system.sXMLSCHEMA
15:16:22.615 [main] TRACE - Loading type system org.apache.xmlbeans.metadata.system.sXMLTOOLS
15:16:22.616 [main] TRACE - Reading unresolved handles for type system org.apache.xmlbeans.metadata.system.sXMLTOOLS
15:16:22.628 [main] TRACE - Finished loading type system org.apache.xmlbeans.metadata.system.sXMLTOOLS
15:16:22.629 [main] TRACE - Reading unresolved handles for type system org.apache.xmlbeans.metadata.system.sXMLSCHEMA
15:16:22.632 [main] TRACE - Finished loading type system org.apache.xmlbeans.metadata.system.sXMLSCHEMA
15:16:22.633 [main] TRACE - Reading unresolved handles for type system org.apache.xmlbeans.metadata.system.sXMLLANG
15:16:22.634 [main] TRACE - Finished loading type system org.apache.xmlbeans.metadata.system.sXMLLANG
15:16:22.635 [main] TRACE - Reading unresolved handles for type system org.apache.xmlbeans.metadata.system.sXMLCONFIG
15:16:22.636 [main] TRACE - Finished loading type system org.apache.xmlbeans.metadata.system.sXMLCONFIG
15:16:22.636 [main] TRACE - Reading unresolved handles for type system org.apache.poi.schemas.ooxml.system.ooxml
15:16:22.684 [main] TRACE - Finished loading type system org.apache.poi.schemas.ooxml.system.ooxml
15:16:22.685 [main] TRACE - Resolving type for handle themefd26doctype
15:16:22.731 [main] TRACE - Resolving type for handle stylesheet5d8bdoctype
15:16:22.737 [main] TRACE - Resolving type for handle ctstylesheet4257type
15:16:22.745 [main] TRACE - Resolving type for handle ctfonts6623type
15:16:22.750 [main] TRACE - Resolving type for handle ctfont14d8type
15:16:22.753 [main] TRACE - Resolving type for handle ctfills2c6ftype
15:16:22.754 [main] TRACE - Resolving type for handle ctfill550ctype
15:16:22.756 [main] TRACE - Resolving type for handle ctborders0d66type
15:16:22.758 [main] TRACE - Resolving type for handle ctborderf935type
15:16:22.761 [main] TRACE - Resolving type for handle ctcellxfs1322type
15:16:22.762 [main] TRACE - Resolving type for handle ctxf97f7type
15:16:22.765 [main] TRACE - Resolving type for handle ctcellstylexfsa81ftype
15:16:22.766 [main] TRACE - Resolving type for handle ctdxfsb26atype
15:16:22.768 [main] TRACE - Resolving type for handle cttablestyles872ftype
15:16:22.770 [main] TRACE - Resolving type for handle sstf81fdoctype
15:16:22.774 [main] TRACE - Resolving type for handle ctsst44f3type
15:16:22.782 [main] TRACE - Resolving type for handle ctrsta472type
15:16:22.797 [main] DEBUG - using default POIXMLDocumentPart for http://schemas.openxmlformats.org/officeDocument/2006/relationships/printerSettings
15:16:22.798 [main] TRACE - Resolving type for handle workbookec17doctype
15:16:22.801 [main] TRACE - Resolving type for handle ctworkbook83c3type
15:16:22.807 [main] TRACE - Resolving type for handle ctsheets49fdtype
15:16:22.809 [main] TRACE - Resolving type for handle ctsheet4dbetype
15:16:22.810 [main] TRACE - Resolving type for handle strelationshipid1e94type
15:16:22.811 [main] TRACE - Resolving type for handle worksheetf539doctype
15:16:22.815 [main] TRACE - Resolving type for handle ctworksheet530dtype
15:16:22.821 [main] TRACE - Resolving type for handle ctcols627ctype
15:16:22.824 [main] TRACE - Resolving type for handle ctcola95ftype
15:16:22.835 [main] TRACE - Resolving type for handle ctsheetdata8408type
15:16:22.838 [main] TRACE - Resolving type for handle ctrowdd39type
15:16:22.841 [main] TRACE - Resolving type for handle ctcell842btype
15:16:22.845 [main] TRACE - Resolving type for handle stcellrefe4e0type
15:16:22.850 [main] TRACE - Resolving type for handle cthyperlinks6416type
15:16:22.851 [main] TRACE - Resolving type for handle cthyperlink0c85type
15:16:22.857 [main] TRACE - Resolving type for handle stxstringf179type
15:16:22.859 [main] TRACE - Resolving type for handle stcelltypebf95type
15:16:25.886 [main] INFO  - Goto my account-->Click on Login.. 
15:16:26.533 [main] DEBUG - Parsing relationship: /xl/_rels/workbook.xml.rels
15:16:26.534 [main] DEBUG - Parsing relationship: /xl/worksheets/_rels/sheet1.xml.rels
15:16:26.535 [main] DEBUG - Parsing relationship: /_rels/.rels
15:16:26.554 [main] DEBUG - using default POIXMLDocumentPart for http://schemas.openxmlformats.org/officeDocument/2006/relationships/printerSettings
15:16:29.815 [main] INFO  - Goto my account-->Click on Login.. 
15:16:30.476 [main] DEBUG - Parsing relationship: /xl/_rels/workbook.xml.rels
15:16:30.478 [main] DEBUG - Parsing relationship: /xl/worksheets/_rels/sheet1.xml.rels
15:16:30.479 [main] DEBUG - Parsing relationship: /_rels/.rels
15:16:30.491 [main] DEBUG - using default POIXMLDocumentPart for http://schemas.openxmlformats.org/officeDocument/2006/relationships/printerSettings
15:25:23.572 [main] INFO  - Goto my account-->Click on Login.. 
15:25:23.984 [main] INFO  - Entering email and password.. 
15:25:24.923 [main] INFO  - clicked on login button...
15:25:37.334 [main] INFO  - Goto my account-->Click on Login.. 
15:25:38.007 [main] INFO  - Entering email and password.. 
15:25:38.932 [main] INFO  - clicked on login button...
15:25:41.438 [main] INFO  - Goto my account-->Click on Login.. 
15:25:42.022 [main] INFO  - Entering email and password.. 
15:25:42.326 [main] INFO  - clicked on login button...
15:27:56.104 [main] INFO  - Goto my account-->Click on Login.. 
15:27:56.567 [main] INFO  - Entering email and password.. 
15:27:57.312 [main] INFO  - clicked on login button...
15:28:37.529 [main] INFO  - Goto my account-->Click on Login.. 
15:28:37.963 [main] INFO  - Entering email and password.. 
15:28:38.288 [main] INFO  - clicked on login button...
15:38:24.696 [main] INFO  - Goto my account-->Click on Login.. 
15:38:25.106 [main] INFO  - Entering email and password.. 
15:38:26.134 [main] INFO  - clicked on login button...
15:38:28.260 [main] INFO  - Goto my account-->Click on Login.. 
15:38:28.931 [main] INFO  - Entering email and password.. 
15:38:29.268 [main] INFO  - clicked on login button...
15:38:31.904 [main] INFO  - Goto my account-->Click on Login.. 
15:38:32.653 [main] INFO  - Entering email and password.. 
15:38:33.728 [main] INFO  - clicked on login button...
16:06:56.509 [main] INFO  - Goto my account-->Click on Login.. 
16:06:56.976 [main] INFO  - Entering email and password.. 
16:06:57.259 [main] INFO  - clicked on login button...
16:07:00.431 [main] INFO  - Goto my account-->Click on Login.. 
16:07:01.085 [main] INFO  - Entering email and password.. 
16:07:01.394 [main] INFO  - clicked on login button...
16:07:04.376 [main] INFO  - Goto my account-->Click on Login.. 
16:07:05.025 [main] INFO  - Entering email and password.. 
16:07:06.313 [main] INFO  - clicked on login button...
16:17:37.516 [main] INFO  - Goto my account-->Click on Login.. 
16:17:37.937 [main] INFO  - Entering email and password.. 
16:17:38.277 [main] INFO  - clicked on login button...
16:17:42.184 [main] INFO  - Goto my account-->Click on Login.. 
16:17:42.837 [main] INFO  - Entering email and password.. 
16:17:43.910 [main] INFO  - clicked on login button...
16:17:46.829 [main] INFO  - Goto my account-->Click on Login.. 
16:17:47.530 [main] INFO  - Entering email and password.. 
16:17:47.841 [main] INFO  - clicked on login button...
18:14:18.745 [main] INFO  - Goto my account-->Click on Login.. 
18:14:19.179 [main] INFO  - Entering email and password.. 
18:14:19.471 [main] INFO  - clicked on login button...
18:14:23.341 [main] INFO  - Goto my account-->Click on Login.. 
18:14:23.733 [main] INFO  - Entering email and password.. 
18:14:24.053 [main] INFO  - clicked on login button...
18:14:27.148 [main] INFO  - Goto my account-->Click on Login.. 
18:14:27.614 [main] INFO  - Entering email and password.. 
18:14:27.945 [main] INFO  - clicked on login button...
18:57:22.408 [main] INFO  - Goto my account-->Click on Login.. 
18:57:22.853 [main] INFO  - Entering email and password.. 
18:57:23.213 [main] INFO  - clicked on login button...
18:57:26.374 [main] INFO  - Goto my account-->Click on Login.. 
18:57:27.029 [main] INFO  - Entering email and password.. 
18:57:27.981 [main] INFO  - clicked on login button...
18:57:29.840 [main] INFO  - Goto my account-->Click on Login.. 
18:57:30.539 [main] INFO  - Entering email and password.. 
18:57:30.873 [main] INFO  - clicked on login button...
